@!@!@STARTMSG 2262:0 @!@!@
TLC2 Version 2.16 of 31 December 2020 (rev: cdddf55)
@!@!@ENDMSG 2262 @!@!@
@!@!@STARTMSG 2187:0 @!@!@
Running breadth-first search Model-Checking with fp 57 and seed 336679314100524257 with 6 workers on 12 cores with 1195MB heap and 2684MB offheap memory [pid: 8740] (Windows 10 10.0 amd64, AdoptOpenJDK 14.0.1 x86_64, OffHeapDiskFPSet, DiskStateQueue).
@!@!@ENDMSG 2187 @!@!@
@!@!@STARTMSG 2220:0 @!@!@
Starting SANY...
@!@!@ENDMSG 2220 @!@!@
Parsing file C:\Users\angel\Desktop\UniBo\Primo Anno\PCD\PCD-Assignments\Assignment-1\TLA+\assignment1.toolbox\Model_1\MC.tla
Parsing file C:\Users\angel\Desktop\UniBo\Primo Anno\PCD\PCD-Assignments\Assignment-1\TLA+\assignment1.toolbox\Model_1\assignment1.tla
Parsing file C:\Users\angel\Downloads\TLAToolbox-1.7.1-win32.win32.x86_64\toolbox\plugins\org.lamport.tlatools_1.0.0.202012311918\tla2sany\StandardModules\TLC.tla
Parsing file C:\Users\angel\Downloads\TLAToolbox-1.7.1-win32.win32.x86_64\toolbox\plugins\org.lamport.tlatools_1.0.0.202012311918\tla2sany\StandardModules\Integers.tla
Parsing file C:\Users\angel\Downloads\TLAToolbox-1.7.1-win32.win32.x86_64\toolbox\plugins\org.lamport.tlatools_1.0.0.202012311918\tla2sany\StandardModules\Sequences.tla
Parsing file C:\Users\angel\Downloads\TLAToolbox-1.7.1-win32.win32.x86_64\toolbox\plugins\org.lamport.tlatools_1.0.0.202012311918\tla2sany\StandardModules\Naturals.tla
Parsing file C:\Users\angel\Downloads\TLAToolbox-1.7.1-win32.win32.x86_64\toolbox\plugins\org.lamport.tlatools_1.0.0.202012311918\tla2sany\StandardModules\FiniteSets.tla
Semantic processing of module Naturals
Semantic processing of module Sequences
Semantic processing of module FiniteSets
Semantic processing of module TLC
Semantic processing of module Integers
Semantic processing of module assignment1
Semantic processing of module MC
@!@!@STARTMSG 2219:0 @!@!@
SANY finished.
@!@!@ENDMSG 2219 @!@!@
@!@!@STARTMSG 2185:0 @!@!@
Starting... (2022-04-06 14:44:03)
@!@!@ENDMSG 2185 @!@!@
@!@!@STARTMSG 2212:0 @!@!@
Implied-temporal checking--satisfiability problem has 2 branches.
@!@!@ENDMSG 2212 @!@!@
@!@!@STARTMSG 2189:0 @!@!@
Computing initial states...
@!@!@ENDMSG 2189 @!@!@
@!@!@STARTMSG 2190:0 @!@!@
Finished computing initial states: 1 distinct state generated at 2022-04-06 14:44:03.
@!@!@ENDMSG 2190 @!@!@
@!@!@STARTMSG 2200:0 @!@!@
Progress(46) at 2022-04-06 14:44:03: 270 states generated, 148 distinct states found, 0 states left on queue.
@!@!@ENDMSG 2200 @!@!@
@!@!@STARTMSG 2192:0 @!@!@
Checking 2 branches of temporal properties for the complete state space with 296 total distinct states at (2022-04-06 14:44:03)
@!@!@ENDMSG 2192 @!@!@
@!@!@STARTMSG 2116:1 @!@!@
Temporal properties were violated.

@!@!@ENDMSG 2116 @!@!@
@!@!@STARTMSG 2264:1 @!@!@
The following behavior constitutes a counter-example:

@!@!@ENDMSG 2264 @!@!@
@!@!@STARTMSG 2217:4 @!@!@
1: <Initial predicate>
/\ barrierNumber = 0
/\ iteration = 0
/\ latchNumber = 2
/\ creation = 0
/\ pc = ( 0 :> "evaluateWhile" @@
  1 :> "evaluateWhileWorker" @@
  2 :> "evaluateWhileWorker" )
/\ positions = <<0, 0>>
/\ myIteration = <<0, 0>>

@!@!@ENDMSG 2217 @!@!@
@!@!@STARTMSG 2217:4 @!@!@
2: <evaluateWhile line 142, col 18 to line 147, col 60 of module assignment1>
/\ barrierNumber = 0
/\ iteration = 0
/\ latchNumber = 2
/\ creation = 0
/\ pc = ( 0 :> "startLatchBarrier" @@
  1 :> "evaluateWhileWorker" @@
  2 :> "evaluateWhileWorker" )
/\ positions = <<0, 0>>
/\ myIteration = <<0, 0>>

@!@!@ENDMSG 2217 @!@!@
@!@!@STARTMSG 2217:4 @!@!@
3: <startLatchBarrier line 149, col 22 to line 154, col 51 of module assignment1>
/\ barrierNumber = 0
/\ iteration = 0
/\ latchNumber = 2
/\ creation = 0
/\ pc = ( 0 :> "startWorkers" @@
  1 :> "evaluateWhileWorker" @@
  2 :> "evaluateWhileWorker" )
/\ positions = <<0, 0>>
/\ myIteration = <<0, 0>>

@!@!@ENDMSG 2217 @!@!@
@!@!@STARTMSG 2217:4 @!@!@
4: <evaluateWhileWorker line 179, col 30 to line 185, col 59 of module assignment1>
/\ barrierNumber = 0
/\ iteration = 0
/\ latchNumber = 2
/\ creation = 0
/\ pc = ( 0 :> "startWorkers" @@
  1 :> "waitCreationWorkers" @@
  2 :> "evaluateWhileWorker" )
/\ positions = <<0, 0>>
/\ myIteration = <<0, 0>>

@!@!@ENDMSG 2217 @!@!@
@!@!@STARTMSG 2217:4 @!@!@
5: <evaluateWhileWorker line 179, col 30 to line 185, col 59 of module assignment1>
/\ barrierNumber = 0
/\ iteration = 0
/\ latchNumber = 2
/\ creation = 0
/\ pc = ( 0 :> "startWorkers" @@
  1 :> "waitCreationWorkers" @@
  2 :> "waitCreationWorkers" )
/\ positions = <<0, 0>>
/\ myIteration = <<0, 0>>

@!@!@ENDMSG 2217 @!@!@
@!@!@STARTMSG 2217:4 @!@!@
6: <startWorkers line 156, col 17 to line 160, col 59 of module assignment1>
/\ barrierNumber = 0
/\ iteration = 0
/\ latchNumber = 2
/\ creation = 1
/\ pc = ( 0 :> "waitLatchReady" @@
  1 :> "waitCreationWorkers" @@
  2 :> "waitCreationWorkers" )
/\ positions = <<0, 0>>
/\ myIteration = <<0, 0>>

@!@!@ENDMSG 2217 @!@!@
@!@!@STARTMSG 2217:4 @!@!@
7: <waitCreationWorkers line 187, col 30 to line 192, col 59 of module assignment1>
/\ barrierNumber = 0
/\ iteration = 0
/\ latchNumber = 2
/\ creation = 1
/\ pc = (0 :> "waitLatchReady" @@ 1 :> "waitCreationWorkers" @@ 2 :> "computeVelocity")
/\ positions = <<0, 0>>
/\ myIteration = <<0, 0>>

@!@!@ENDMSG 2217 @!@!@
@!@!@STARTMSG 2217:4 @!@!@
8: <waitCreationWorkers line 187, col 30 to line 192, col 59 of module assignment1>
/\ barrierNumber = 0
/\ iteration = 0
/\ latchNumber = 2
/\ creation = 1
/\ pc = (0 :> "waitLatchReady" @@ 1 :> "computeVelocity" @@ 2 :> "computeVelocity")
/\ positions = <<0, 0>>
/\ myIteration = <<0, 0>>

@!@!@ENDMSG 2217 @!@!@
@!@!@STARTMSG 2217:4 @!@!@
9: <computeVelocity line 194, col 26 to line 199, col 68 of module assignment1>
/\ barrierNumber = 1
/\ iteration = 0
/\ latchNumber = 2
/\ creation = 1
/\ pc = (0 :> "waitLatchReady" @@ 1 :> "computeVelocity" @@ 2 :> "waitBarrier")
/\ positions = <<0, 0>>
/\ myIteration = <<0, 0>>

@!@!@ENDMSG 2217 @!@!@
@!@!@STARTMSG 2217:4 @!@!@
10: <computeVelocity line 194, col 26 to line 199, col 68 of module assignment1>
/\ barrierNumber = 2
/\ iteration = 0
/\ latchNumber = 2
/\ creation = 1
/\ pc = (0 :> "waitLatchReady" @@ 1 :> "waitBarrier" @@ 2 :> "waitBarrier")
/\ positions = <<0, 0>>
/\ myIteration = <<0, 0>>

@!@!@ENDMSG 2217 @!@!@
@!@!@STARTMSG 2217:4 @!@!@
11: <waitBarrier line 201, col 22 to line 205, col 79 of module assignment1>
/\ barrierNumber = 2
/\ iteration = 0
/\ latchNumber = 2
/\ creation = 1
/\ pc = (0 :> "waitLatchReady" @@ 1 :> "waitBarrier" @@ 2 :> "computePositionCollision")
/\ positions = <<0, 0>>
/\ myIteration = <<0, 0>>

@!@!@ENDMSG 2217 @!@!@
@!@!@STARTMSG 2217:4 @!@!@
12: <waitBarrier line 201, col 22 to line 205, col 79 of module assignment1>
/\ barrierNumber = 2
/\ iteration = 0
/\ latchNumber = 2
/\ creation = 1
/\ pc = ( 0 :> "waitLatchReady" @@
  1 :> "computePositionCollision" @@
  2 :> "computePositionCollision" )
/\ positions = <<0, 0>>
/\ myIteration = <<0, 0>>

@!@!@ENDMSG 2217 @!@!@
@!@!@STARTMSG 2217:4 @!@!@
13: <computePositionCollision line 207, col 35 to line 212, col 64 of module assignment1>
/\ barrierNumber = 2
/\ iteration = 0
/\ latchNumber = 2
/\ creation = 1
/\ pc = ( 0 :> "waitLatchReady" @@
  1 :> "computePositionCollision" @@
  2 :> "updateMyIteration" )
/\ positions = <<0, 1>>
/\ myIteration = <<0, 0>>

@!@!@ENDMSG 2217 @!@!@
@!@!@STARTMSG 2217:4 @!@!@
14: <updateMyIteration line 214, col 28 to line 218, col 72 of module assignment1>
/\ barrierNumber = 2
/\ iteration = 0
/\ latchNumber = 2
/\ creation = 1
/\ pc = (0 :> "waitLatchReady" @@ 1 :> "computePositionCollision" @@ 2 :> "signalLatch")
/\ positions = <<0, 1>>
/\ myIteration = <<0, 1>>

@!@!@ENDMSG 2217 @!@!@
@!@!@STARTMSG 2217:4 @!@!@
15: <signalLatch line 220, col 22 to line 224, col 66 of module assignment1>
/\ barrierNumber = 2
/\ iteration = 0
/\ latchNumber = 1
/\ creation = 1
/\ pc = ( 0 :> "waitLatchReady" @@
  1 :> "computePositionCollision" @@
  2 :> "awitFinishWork" )
/\ positions = <<0, 1>>
/\ myIteration = <<0, 1>>

@!@!@ENDMSG 2217 @!@!@
@!@!@STARTMSG 2217:4 @!@!@
16: <computePositionCollision line 207, col 35 to line 212, col 64 of module assignment1>
/\ barrierNumber = 2
/\ iteration = 0
/\ latchNumber = 1
/\ creation = 1
/\ pc = (0 :> "waitLatchReady" @@ 1 :> "updateMyIteration" @@ 2 :> "awitFinishWork")
/\ positions = <<1, 1>>
/\ myIteration = <<0, 1>>

@!@!@ENDMSG 2217 @!@!@
@!@!@STARTMSG 2217:4 @!@!@
17: <updateMyIteration line 214, col 28 to line 218, col 72 of module assignment1>
/\ barrierNumber = 2
/\ iteration = 0
/\ latchNumber = 1
/\ creation = 1
/\ pc = (0 :> "waitLatchReady" @@ 1 :> "signalLatch" @@ 2 :> "awitFinishWork")
/\ positions = <<1, 1>>
/\ myIteration = <<1, 1>>

@!@!@ENDMSG 2217 @!@!@
@!@!@STARTMSG 2217:4 @!@!@
18: <signalLatch line 220, col 22 to line 224, col 66 of module assignment1>
/\ barrierNumber = 2
/\ iteration = 0
/\ latchNumber = 0
/\ creation = 1
/\ pc = (0 :> "waitLatchReady" @@ 1 :> "awitFinishWork" @@ 2 :> "awitFinishWork")
/\ positions = <<1, 1>>
/\ myIteration = <<1, 1>>

@!@!@ENDMSG 2217 @!@!@
@!@!@STARTMSG 2217:4 @!@!@
19: <waitLatchReady line 162, col 19 to line 168, col 48 of module assignment1>
/\ barrierNumber = 2
/\ iteration = 0
/\ latchNumber = 0
/\ creation = 0
/\ pc = (0 :> "updateIteration" @@ 1 :> "awitFinishWork" @@ 2 :> "awitFinishWork")
/\ positions = <<0, 0>>
/\ myIteration = <<1, 1>>

@!@!@ENDMSG 2217 @!@!@
@!@!@STARTMSG 2217:4 @!@!@
20: <updateIteration line 170, col 20 to line 174, col 62 of module assignment1>
/\ barrierNumber = 2
/\ iteration = 1
/\ latchNumber = 0
/\ creation = 0
/\ pc = (0 :> "evaluateWhile" @@ 1 :> "awitFinishWork" @@ 2 :> "awitFinishWork")
/\ positions = <<0, 0>>
/\ myIteration = <<1, 1>>

@!@!@ENDMSG 2217 @!@!@
@!@!@STARTMSG 2217:4 @!@!@
21: <evaluateWhile line 142, col 18 to line 147, col 60 of module assignment1>
/\ barrierNumber = 2
/\ iteration = 1
/\ latchNumber = 0
/\ creation = 0
/\ pc = (0 :> "startLatchBarrier" @@ 1 :> "awitFinishWork" @@ 2 :> "awitFinishWork")
/\ positions = <<0, 0>>
/\ myIteration = <<1, 1>>

@!@!@ENDMSG 2217 @!@!@
@!@!@STARTMSG 2217:4 @!@!@
22: <startLatchBarrier line 149, col 22 to line 154, col 51 of module assignment1>
/\ barrierNumber = 0
/\ iteration = 1
/\ latchNumber = 2
/\ creation = 0
/\ pc = (0 :> "startWorkers" @@ 1 :> "awitFinishWork" @@ 2 :> "awitFinishWork")
/\ positions = <<0, 0>>
/\ myIteration = <<1, 1>>

@!@!@ENDMSG 2217 @!@!@
@!@!@STARTMSG 2217:4 @!@!@
23: <awitFinishWork line 226, col 25 to line 231, col 54 of module assignment1>
/\ barrierNumber = 0
/\ iteration = 1
/\ latchNumber = 2
/\ creation = 0
/\ pc = (0 :> "startWorkers" @@ 1 :> "awitFinishWork" @@ 2 :> "evaluateWhileWorker")
/\ positions = <<0, 0>>
/\ myIteration = <<1, 1>>

@!@!@ENDMSG 2217 @!@!@
@!@!@STARTMSG 2217:4 @!@!@
24: <startWorkers line 156, col 17 to line 160, col 59 of module assignment1>
/\ barrierNumber = 0
/\ iteration = 1
/\ latchNumber = 2
/\ creation = 1
/\ pc = (0 :> "waitLatchReady" @@ 1 :> "awitFinishWork" @@ 2 :> "evaluateWhileWorker")
/\ positions = <<0, 0>>
/\ myIteration = <<1, 1>>

@!@!@ENDMSG 2217 @!@!@
@!@!@STARTMSG 2217:4 @!@!@
25: <evaluateWhileWorker line 179, col 30 to line 185, col 59 of module assignment1>
/\ barrierNumber = 0
/\ iteration = 1
/\ latchNumber = 2
/\ creation = 1
/\ pc = (0 :> "waitLatchReady" @@ 1 :> "awitFinishWork" @@ 2 :> "waitCreationWorkers")
/\ positions = <<0, 0>>
/\ myIteration = <<1, 1>>

@!@!@ENDMSG 2217 @!@!@
@!@!@STARTMSG 2217:4 @!@!@
26: <awitFinishWork line 226, col 25 to line 231, col 54 of module assignment1>
/\ barrierNumber = 0
/\ iteration = 1
/\ latchNumber = 2
/\ creation = 1
/\ pc = ( 0 :> "waitLatchReady" @@
  1 :> "evaluateWhileWorker" @@
  2 :> "waitCreationWorkers" )
/\ positions = <<0, 0>>
/\ myIteration = <<1, 1>>

@!@!@ENDMSG 2217 @!@!@
@!@!@STARTMSG 2217:4 @!@!@
27: <waitCreationWorkers line 187, col 30 to line 192, col 59 of module assignment1>
/\ barrierNumber = 0
/\ iteration = 1
/\ latchNumber = 2
/\ creation = 1
/\ pc = (0 :> "waitLatchReady" @@ 1 :> "evaluateWhileWorker" @@ 2 :> "computeVelocity")
/\ positions = <<0, 0>>
/\ myIteration = <<1, 1>>

@!@!@ENDMSG 2217 @!@!@
@!@!@STARTMSG 2217:4 @!@!@
28: <evaluateWhileWorker line 179, col 30 to line 185, col 59 of module assignment1>
/\ barrierNumber = 0
/\ iteration = 1
/\ latchNumber = 2
/\ creation = 1
/\ pc = (0 :> "waitLatchReady" @@ 1 :> "waitCreationWorkers" @@ 2 :> "computeVelocity")
/\ positions = <<0, 0>>
/\ myIteration = <<1, 1>>

@!@!@ENDMSG 2217 @!@!@
@!@!@STARTMSG 2217:4 @!@!@
29: <waitCreationWorkers line 187, col 30 to line 192, col 59 of module assignment1>
/\ barrierNumber = 0
/\ iteration = 1
/\ latchNumber = 2
/\ creation = 1
/\ pc = (0 :> "waitLatchReady" @@ 1 :> "computeVelocity" @@ 2 :> "computeVelocity")
/\ positions = <<0, 0>>
/\ myIteration = <<1, 1>>

@!@!@ENDMSG 2217 @!@!@
@!@!@STARTMSG 2217:4 @!@!@
30: <computeVelocity line 194, col 26 to line 199, col 68 of module assignment1>
/\ barrierNumber = 1
/\ iteration = 1
/\ latchNumber = 2
/\ creation = 1
/\ pc = (0 :> "waitLatchReady" @@ 1 :> "waitBarrier" @@ 2 :> "computeVelocity")
/\ positions = <<0, 0>>
/\ myIteration = <<1, 1>>

@!@!@ENDMSG 2217 @!@!@
@!@!@STARTMSG 2217:4 @!@!@
31: <computeVelocity line 194, col 26 to line 199, col 68 of module assignment1>
/\ barrierNumber = 2
/\ iteration = 1
/\ latchNumber = 2
/\ creation = 1
/\ pc = (0 :> "waitLatchReady" @@ 1 :> "waitBarrier" @@ 2 :> "waitBarrier")
/\ positions = <<0, 0>>
/\ myIteration = <<1, 1>>

@!@!@ENDMSG 2217 @!@!@
@!@!@STARTMSG 2217:4 @!@!@
32: <waitBarrier line 201, col 22 to line 205, col 79 of module assignment1>
/\ barrierNumber = 2
/\ iteration = 1
/\ latchNumber = 2
/\ creation = 1
/\ pc = (0 :> "waitLatchReady" @@ 1 :> "computePositionCollision" @@ 2 :> "waitBarrier")
/\ positions = <<0, 0>>
/\ myIteration = <<1, 1>>

@!@!@ENDMSG 2217 @!@!@
@!@!@STARTMSG 2217:4 @!@!@
33: <computePositionCollision line 207, col 35 to line 212, col 64 of module assignment1>
/\ barrierNumber = 2
/\ iteration = 1
/\ latchNumber = 2
/\ creation = 1
/\ pc = (0 :> "waitLatchReady" @@ 1 :> "updateMyIteration" @@ 2 :> "waitBarrier")
/\ positions = <<1, 0>>
/\ myIteration = <<1, 1>>

@!@!@ENDMSG 2217 @!@!@
@!@!@STARTMSG 2217:4 @!@!@
34: <waitBarrier line 201, col 22 to line 205, col 79 of module assignment1>
/\ barrierNumber = 2
/\ iteration = 1
/\ latchNumber = 2
/\ creation = 1
/\ pc = ( 0 :> "waitLatchReady" @@
  1 :> "updateMyIteration" @@
  2 :> "computePositionCollision" )
/\ positions = <<1, 0>>
/\ myIteration = <<1, 1>>

@!@!@ENDMSG 2217 @!@!@
@!@!@STARTMSG 2217:4 @!@!@
35: <computePositionCollision line 207, col 35 to line 212, col 64 of module assignment1>
/\ barrierNumber = 2
/\ iteration = 1
/\ latchNumber = 2
/\ creation = 1
/\ pc = (0 :> "waitLatchReady" @@ 1 :> "updateMyIteration" @@ 2 :> "updateMyIteration")
/\ positions = <<1, 1>>
/\ myIteration = <<1, 1>>

@!@!@ENDMSG 2217 @!@!@
@!@!@STARTMSG 2217:4 @!@!@
36: <updateMyIteration line 214, col 28 to line 218, col 72 of module assignment1>
/\ barrierNumber = 2
/\ iteration = 1
/\ latchNumber = 2
/\ creation = 1
/\ pc = (0 :> "waitLatchReady" @@ 1 :> "signalLatch" @@ 2 :> "updateMyIteration")
/\ positions = <<1, 1>>
/\ myIteration = <<2, 1>>

@!@!@ENDMSG 2217 @!@!@
@!@!@STARTMSG 2217:4 @!@!@
37: <updateMyIteration line 214, col 28 to line 218, col 72 of module assignment1>
/\ barrierNumber = 2
/\ iteration = 1
/\ latchNumber = 2
/\ creation = 1
/\ pc = (0 :> "waitLatchReady" @@ 1 :> "signalLatch" @@ 2 :> "signalLatch")
/\ positions = <<1, 1>>
/\ myIteration = <<2, 2>>

@!@!@ENDMSG 2217 @!@!@
@!@!@STARTMSG 2217:4 @!@!@
38: <signalLatch line 220, col 22 to line 224, col 66 of module assignment1>
/\ barrierNumber = 2
/\ iteration = 1
/\ latchNumber = 1
/\ creation = 1
/\ pc = (0 :> "waitLatchReady" @@ 1 :> "signalLatch" @@ 2 :> "awitFinishWork")
/\ positions = <<1, 1>>
/\ myIteration = <<2, 2>>

@!@!@ENDMSG 2217 @!@!@
@!@!@STARTMSG 2217:4 @!@!@
39: <signalLatch line 220, col 22 to line 224, col 66 of module assignment1>
/\ barrierNumber = 2
/\ iteration = 1
/\ latchNumber = 0
/\ creation = 1
/\ pc = (0 :> "waitLatchReady" @@ 1 :> "awitFinishWork" @@ 2 :> "awitFinishWork")
/\ positions = <<1, 1>>
/\ myIteration = <<2, 2>>

@!@!@ENDMSG 2217 @!@!@
@!@!@STARTMSG 2217:4 @!@!@
40: <waitLatchReady line 162, col 19 to line 168, col 48 of module assignment1>
/\ barrierNumber = 2
/\ iteration = 1
/\ latchNumber = 0
/\ creation = 0
/\ pc = (0 :> "updateIteration" @@ 1 :> "awitFinishWork" @@ 2 :> "awitFinishWork")
/\ positions = <<0, 0>>
/\ myIteration = <<2, 2>>

@!@!@ENDMSG 2217 @!@!@
@!@!@STARTMSG 2217:4 @!@!@
41: <updateIteration line 170, col 20 to line 174, col 62 of module assignment1>
/\ barrierNumber = 2
/\ iteration = 2
/\ latchNumber = 0
/\ creation = 0
/\ pc = (0 :> "evaluateWhile" @@ 1 :> "awitFinishWork" @@ 2 :> "awitFinishWork")
/\ positions = <<0, 0>>
/\ myIteration = <<2, 2>>

@!@!@ENDMSG 2217 @!@!@
@!@!@STARTMSG 2217:4 @!@!@
42: <evaluateWhile line 142, col 18 to line 147, col 60 of module assignment1>
/\ barrierNumber = 2
/\ iteration = 2
/\ latchNumber = 0
/\ creation = 0
/\ pc = (0 :> "Done" @@ 1 :> "awitFinishWork" @@ 2 :> "awitFinishWork")
/\ positions = <<0, 0>>
/\ myIteration = <<2, 2>>

@!@!@ENDMSG 2217 @!@!@
@!@!@STARTMSG 2217:4 @!@!@
43: <awitFinishWork line 226, col 25 to line 231, col 54 of module assignment1>
/\ barrierNumber = 2
/\ iteration = 2
/\ latchNumber = 0
/\ creation = 0
/\ pc = (0 :> "Done" @@ 1 :> "awitFinishWork" @@ 2 :> "evaluateWhileWorker")
/\ positions = <<0, 0>>
/\ myIteration = <<2, 2>>

@!@!@ENDMSG 2217 @!@!@
@!@!@STARTMSG 2217:4 @!@!@
44: <awitFinishWork line 226, col 25 to line 231, col 54 of module assignment1>
/\ barrierNumber = 2
/\ iteration = 2
/\ latchNumber = 0
/\ creation = 0
/\ pc = (0 :> "Done" @@ 1 :> "evaluateWhileWorker" @@ 2 :> "evaluateWhileWorker")
/\ positions = <<0, 0>>
/\ myIteration = <<2, 2>>

@!@!@ENDMSG 2217 @!@!@
@!@!@STARTMSG 2217:4 @!@!@
45: <evaluateWhileWorker line 179, col 30 to line 185, col 59 of module assignment1>
/\ barrierNumber = 2
/\ iteration = 2
/\ latchNumber = 0
/\ creation = 0
/\ pc = (0 :> "Done" @@ 1 :> "Done" @@ 2 :> "evaluateWhileWorker")
/\ positions = <<0, 0>>
/\ myIteration = <<2, 2>>

@!@!@ENDMSG 2217 @!@!@
@!@!@STARTMSG 2217:4 @!@!@
46: <evaluateWhileWorker line 179, col 30 to line 185, col 59 of module assignment1>
/\ barrierNumber = 2
/\ iteration = 2
/\ latchNumber = 0
/\ creation = 0
/\ pc = (0 :> "Done" @@ 1 :> "Done" @@ 2 :> "Done")
/\ positions = <<0, 0>>
/\ myIteration = <<2, 2>>

@!@!@ENDMSG 2217 @!@!@
@!@!@STARTMSG 2218:4 @!@!@
47: Stuttering
@!@!@ENDMSG 2218 @!@!@
@!@!@STARTMSG 2267:0 @!@!@
Finished checking temporal properties in 00s at 2022-04-06 14:44:04
@!@!@ENDMSG 2267 @!@!@
@!@!@STARTMSG 2201:0 @!@!@
The coverage statistics at 2022-04-06 14:44:04
@!@!@ENDMSG 2201 @!@!@
@!@!@STARTMSG 2773:0 @!@!@
<Init line 131, col 1 to line 131, col 4 of module assignment1>: 2:2
@!@!@ENDMSG 2773 @!@!@
@!@!@STARTMSG 2221:0 @!@!@
  line 132, col 9 to line 140, col 98 of module assignment1: 2
@!@!@ENDMSG 2221 @!@!@
@!@!@STARTMSG 2772:0 @!@!@
<evaluateWhile line 142, col 1 to line 142, col 13 of module assignment1>: 4:26
@!@!@ENDMSG 2772 @!@!@
@!@!@STARTMSG 2221:0 @!@!@
  line 142, col 21 to line 142, col 43 of module assignment1: 226
@!@!@ENDMSG 2221 @!@!@
@!@!@STARTMSG 2221:0 @!@!@
  |line 142, col 21 to line 142, col 25 of module assignment1: 200
@!@!@ENDMSG 2221 @!@!@
@!@!@STARTMSG 2221:0 @!@!@
  line 143, col 24 to line 143, col 40 of module assignment1: 26
@!@!@ENDMSG 2221 @!@!@
@!@!@STARTMSG 2221:0 @!@!@
  line 144, col 29 to line 144, col 75 of module assignment1: 15
@!@!@ENDMSG 2221 @!@!@
@!@!@STARTMSG 2221:0 @!@!@
  line 145, col 29 to line 145, col 62 of module assignment1: 11
@!@!@ENDMSG 2221 @!@!@
@!@!@STARTMSG 2221:0 @!@!@
  line 146, col 21 to line 147, col 60 of module assignment1: 26
@!@!@ENDMSG 2221 @!@!@
@!@!@STARTMSG 2772:0 @!@!@
<startLatchBarrier line 149, col 1 to line 149, col 17 of module assignment1>: 4:17
@!@!@ENDMSG 2772 @!@!@
@!@!@STARTMSG 2221:0 @!@!@
  line 149, col 25 to line 149, col 51 of module assignment1: 214
@!@!@ENDMSG 2221 @!@!@
@!@!@STARTMSG 2221:0 @!@!@
  |line 149, col 25 to line 149, col 29 of module assignment1: 197
@!@!@ENDMSG 2221 @!@!@
@!@!@STARTMSG 2221:0 @!@!@
  line 150, col 25 to line 150, col 56 of module assignment1: 17
@!@!@ENDMSG 2221 @!@!@
@!@!@STARTMSG 2221:0 @!@!@
  line 151, col 25 to line 151, col 42 of module assignment1: 17
@!@!@ENDMSG 2221 @!@!@
@!@!@STARTMSG 2221:0 @!@!@
  line 152, col 25 to line 152, col 63 of module assignment1: 17
@!@!@ENDMSG 2221 @!@!@
@!@!@STARTMSG 2221:0 @!@!@
  line 153, col 25 to line 154, col 51 of module assignment1: 17
@!@!@ENDMSG 2221 @!@!@
@!@!@STARTMSG 2772:0 @!@!@
<startWorkers line 156, col 1 to line 156, col 12 of module assignment1>: 3:18
@!@!@ENDMSG 2772 @!@!@
@!@!@STARTMSG 2221:0 @!@!@
  line 156, col 20 to line 156, col 41 of module assignment1: 213
@!@!@ENDMSG 2221 @!@!@
@!@!@STARTMSG 2221:0 @!@!@
  |line 156, col 20 to line 156, col 24 of module assignment1: 195
@!@!@ENDMSG 2221 @!@!@
@!@!@STARTMSG 2221:0 @!@!@
  line 157, col 20 to line 157, col 32 of module assignment1: 18
@!@!@ENDMSG 2221 @!@!@
@!@!@STARTMSG 2221:0 @!@!@
  line 158, col 20 to line 158, col 60 of module assignment1: 18
@!@!@ENDMSG 2221 @!@!@
@!@!@STARTMSG 2221:0 @!@!@
  line 159, col 20 to line 160, col 59 of module assignment1: 18
@!@!@ENDMSG 2221 @!@!@
@!@!@STARTMSG 2772:0 @!@!@
<waitLatchReady line 162, col 1 to line 162, col 14 of module assignment1>: 2:4
@!@!@ENDMSG 2772 @!@!@
@!@!@STARTMSG 2221:0 @!@!@
  line 162, col 22 to line 162, col 45 of module assignment1: 197
@!@!@ENDMSG 2221 @!@!@
@!@!@STARTMSG 2221:0 @!@!@
  |line 162, col 22 to line 162, col 26 of module assignment1: 193
@!@!@ENDMSG 2221 @!@!@
@!@!@STARTMSG 2221:0 @!@!@
  line 163, col 22 to line 163, col 36 of module assignment1: 124
@!@!@ENDMSG 2221 @!@!@
@!@!@STARTMSG 2221:0 @!@!@
  |line 163, col 22 to line 163, col 32 of module assignment1: 120
@!@!@ENDMSG 2221 @!@!@
@!@!@STARTMSG 2221:0 @!@!@
  line 164, col 22 to line 164, col 76 of module assignment1: 4
@!@!@ENDMSG 2221 @!@!@
@!@!@STARTMSG 2221:0 @!@!@
  line 165, col 22 to line 165, col 34 of module assignment1: 4
@!@!@ENDMSG 2221 @!@!@
@!@!@STARTMSG 2221:0 @!@!@
  line 166, col 22 to line 166, col 63 of module assignment1: 4
@!@!@ENDMSG 2221 @!@!@
@!@!@STARTMSG 2221:0 @!@!@
  line 167, col 22 to line 168, col 48 of module assignment1: 4
@!@!@ENDMSG 2221 @!@!@
@!@!@STARTMSG 2772:0 @!@!@
<updateIteration line 170, col 1 to line 170, col 15 of module assignment1>: 2:4
@!@!@ENDMSG 2772 @!@!@
@!@!@STARTMSG 2221:0 @!@!@
  line 170, col 23 to line 170, col 47 of module assignment1: 195
@!@!@ENDMSG 2221 @!@!@
@!@!@STARTMSG 2221:0 @!@!@
  |line 170, col 23 to line 170, col 27 of module assignment1: 191
@!@!@ENDMSG 2221 @!@!@
@!@!@STARTMSG 2221:0 @!@!@
  line 171, col 23 to line 171, col 48 of module assignment1: 4
@!@!@ENDMSG 2221 @!@!@
@!@!@STARTMSG 2221:0 @!@!@
  line 172, col 23 to line 172, col 62 of module assignment1: 4
@!@!@ENDMSG 2221 @!@!@
@!@!@STARTMSG 2221:0 @!@!@
  line 173, col 23 to line 174, col 62 of module assignment1: 4
@!@!@ENDMSG 2221 @!@!@
@!@!@STARTMSG 2772:0 @!@!@
<evaluateWhileWorker line 179, col 1 to line 179, col 25 of module assignment1>: 36:74
@!@!@ENDMSG 2772 @!@!@
@!@!@STARTMSG 2221:0 @!@!@
  line 179, col 33 to line 179, col 64 of module assignment1: 435
@!@!@ENDMSG 2221 @!@!@
@!@!@STARTMSG 2221:0 @!@!@
  |line 179, col 33 to line 179, col 40 of module assignment1: 361
@!@!@ENDMSG 2221 @!@!@
@!@!@STARTMSG 2221:0 @!@!@
  line 180, col 36 to line 180, col 60 of module assignment1: 74
@!@!@ENDMSG 2221 @!@!@
@!@!@STARTMSG 2221:0 @!@!@
  line 181, col 41 to line 181, col 92 of module assignment1: 59
@!@!@ENDMSG 2221 @!@!@
@!@!@STARTMSG 2221:0 @!@!@
  line 182, col 41 to line 182, col 77 of module assignment1: 15
@!@!@ENDMSG 2221 @!@!@
@!@!@STARTMSG 2221:0 @!@!@
  line 183, col 33 to line 185, col 59 of module assignment1: 74
@!@!@ENDMSG 2221 @!@!@
@!@!@STARTMSG 2772:0 @!@!@
<waitCreationWorkers line 187, col 1 to line 187, col 25 of module assignment1>: 14:24
@!@!@ENDMSG 2772 @!@!@
@!@!@STARTMSG 2221:0 @!@!@
  line 187, col 33 to line 187, col 64 of module assignment1: 379
@!@!@ENDMSG 2221 @!@!@
@!@!@STARTMSG 2221:0 @!@!@
  |line 187, col 33 to line 187, col 40 of module assignment1: 355
@!@!@ENDMSG 2221 @!@!@
@!@!@STARTMSG 2221:0 @!@!@
  line 188, col 33 to line 188, col 44 of module assignment1: 80
@!@!@ENDMSG 2221 @!@!@
@!@!@STARTMSG 2221:0 @!@!@
  |line 188, col 33 to line 188, col 40 of module assignment1: 56
@!@!@ENDMSG 2221 @!@!@
@!@!@STARTMSG 2221:0 @!@!@
  line 189, col 33 to line 189, col 77 of module assignment1: 24
@!@!@ENDMSG 2221 @!@!@
@!@!@STARTMSG 2221:0 @!@!@
  line 190, col 33 to line 192, col 59 of module assignment1: 24
@!@!@ENDMSG 2221 @!@!@
@!@!@STARTMSG 2772:0 @!@!@
<computeVelocity line 194, col 1 to line 194, col 21 of module assignment1>: 12:23
@!@!@ENDMSG 2772 @!@!@
@!@!@STARTMSG 2221:0 @!@!@
  line 194, col 29 to line 194, col 56 of module assignment1: 374
@!@!@ENDMSG 2221 @!@!@
@!@!@STARTMSG 2221:0 @!@!@
  |line 194, col 29 to line 194, col 36 of module assignment1: 351
@!@!@ENDMSG 2221 @!@!@
@!@!@STARTMSG 2221:0 @!@!@
  line 195, col 29 to line 195, col 32 of module assignment1: 23
@!@!@ENDMSG 2221 @!@!@
@!@!@STARTMSG 2221:0 @!@!@
  line 196, col 29 to line 196, col 62 of module assignment1: 23
@!@!@ENDMSG 2221 @!@!@
@!@!@STARTMSG 2221:0 @!@!@
  line 197, col 29 to line 197, col 69 of module assignment1: 23
@!@!@ENDMSG 2221 @!@!@
@!@!@STARTMSG 2221:0 @!@!@
  line 198, col 29 to line 199, col 68 of module assignment1: 23
@!@!@ENDMSG 2221 @!@!@
@!@!@STARTMSG 2772:0 @!@!@
<waitBarrier line 201, col 1 to line 201, col 17 of module assignment1>: 12:25
@!@!@ENDMSG 2772 @!@!@
@!@!@STARTMSG 2221:0 @!@!@
  line 201, col 25 to line 201, col 48 of module assignment1: 372
@!@!@ENDMSG 2221 @!@!@
@!@!@STARTMSG 2221:0 @!@!@
  |line 201, col 25 to line 201, col 32 of module assignment1: 347
@!@!@ENDMSG 2221 @!@!@
@!@!@STARTMSG 2221:0 @!@!@
  line 202, col 25 to line 202, col 57 of module assignment1: 65
@!@!@ENDMSG 2221 @!@!@
@!@!@STARTMSG 2221:0 @!@!@
  |line 202, col 25 to line 202, col 37 of module assignment1: 40
@!@!@ENDMSG 2221 @!@!@
@!@!@STARTMSG 2221:0 @!@!@
  |line 202, col 41 to line 202, col 57 of module assignment1: 40
@!@!@ENDMSG 2221 @!@!@
@!@!@STARTMSG 2221:0 @!@!@
  line 203, col 25 to line 203, col 78 of module assignment1: 25
@!@!@ENDMSG 2221 @!@!@
@!@!@STARTMSG 2221:0 @!@!@
  line 204, col 25 to line 205, col 79 of module assignment1: 25
@!@!@ENDMSG 2221 @!@!@
@!@!@STARTMSG 2772:0 @!@!@
<computePositionCollision line 207, col 1 to line 207, col 30 of module assignment1>: 12:27
@!@!@ENDMSG 2772 @!@!@
@!@!@STARTMSG 2221:0 @!@!@
  line 207, col 38 to line 207, col 74 of module assignment1: 370
@!@!@ENDMSG 2221 @!@!@
@!@!@STARTMSG 2221:0 @!@!@
  |line 207, col 38 to line 207, col 45 of module assignment1: 343
@!@!@ENDMSG 2221 @!@!@
@!@!@STARTMSG 2221:0 @!@!@
  line 208, col 38 to line 208, col 80 of module assignment1: 27
@!@!@ENDMSG 2221 @!@!@
@!@!@STARTMSG 2221:0 @!@!@
  line 209, col 38 to line 209, col 84 of module assignment1: 27
@!@!@ENDMSG 2221 @!@!@
@!@!@STARTMSG 2221:0 @!@!@
  line 210, col 38 to line 212, col 64 of module assignment1: 27
@!@!@ENDMSG 2221 @!@!@
@!@!@STARTMSG 2772:0 @!@!@
<updateMyIteration line 214, col 1 to line 214, col 23 of module assignment1>: 11:26
@!@!@ENDMSG 2772 @!@!@
@!@!@STARTMSG 2221:0 @!@!@
  line 214, col 31 to line 214, col 60 of module assignment1: 365
@!@!@ENDMSG 2221 @!@!@
@!@!@STARTMSG 2221:0 @!@!@
  |line 214, col 31 to line 214, col 38 of module assignment1: 339
@!@!@ENDMSG 2221 @!@!@
@!@!@STARTMSG 2221:0 @!@!@
  line 215, col 31 to line 215, col 97 of module assignment1: 26
@!@!@ENDMSG 2221 @!@!@
@!@!@STARTMSG 2221:0 @!@!@
  line 216, col 31 to line 216, col 71 of module assignment1: 26
@!@!@ENDMSG 2221 @!@!@
@!@!@STARTMSG 2221:0 @!@!@
  line 217, col 31 to line 218, col 72 of module assignment1: 26
@!@!@ENDMSG 2221 @!@!@
@!@!@STARTMSG 2772:0 @!@!@
<signalLatch line 220, col 1 to line 220, col 17 of module assignment1>: 13:26
@!@!@ENDMSG 2772 @!@!@
@!@!@STARTMSG 2221:0 @!@!@
  line 220, col 25 to line 220, col 48 of module assignment1: 361
@!@!@ENDMSG 2221 @!@!@
@!@!@STARTMSG 2221:0 @!@!@
  |line 220, col 25 to line 220, col 32 of module assignment1: 335
@!@!@ENDMSG 2221 @!@!@
@!@!@STARTMSG 2221:0 @!@!@
  line 221, col 25 to line 221, col 54 of module assignment1: 26
@!@!@ENDMSG 2221 @!@!@
@!@!@STARTMSG 2221:0 @!@!@
  line 222, col 25 to line 222, col 68 of module assignment1: 26
@!@!@ENDMSG 2221 @!@!@
@!@!@STARTMSG 2221:0 @!@!@
  line 223, col 25 to line 224, col 66 of module assignment1: 26
@!@!@ENDMSG 2221 @!@!@
@!@!@STARTMSG 2772:0 @!@!@
<awitFinishWork line 226, col 1 to line 226, col 20 of module assignment1>: 22:51
@!@!@ENDMSG 2772 @!@!@
@!@!@STARTMSG 2221:0 @!@!@
  line 226, col 28 to line 226, col 54 of module assignment1: 382
@!@!@ENDMSG 2221 @!@!@
@!@!@STARTMSG 2221:0 @!@!@
  |line 226, col 28 to line 226, col 35 of module assignment1: 331
@!@!@ENDMSG 2221 @!@!@
@!@!@STARTMSG 2221:0 @!@!@
  line 227, col 28 to line 227, col 56 of module assignment1: 126
@!@!@ENDMSG 2221 @!@!@
@!@!@STARTMSG 2221:0 @!@!@
  |line 227, col 28 to line 227, col 44 of module assignment1: 75
@!@!@ENDMSG 2221 @!@!@
@!@!@STARTMSG 2221:0 @!@!@
  |line 227, col 48 to line 227, col 56 of module assignment1: 75
@!@!@ENDMSG 2221 @!@!@
@!@!@STARTMSG 2221:0 @!@!@
  line 228, col 28 to line 228, col 76 of module assignment1: 51
@!@!@ENDMSG 2221 @!@!@
@!@!@STARTMSG 2221:0 @!@!@
  line 229, col 28 to line 231, col 54 of module assignment1: 51
@!@!@ENDMSG 2221 @!@!@
@!@!@STARTMSG 2772:0 @!@!@
<Terminating line 240, col 1 to line 240, col 11 of module assignment1>: 0:1
@!@!@ENDMSG 2772 @!@!@
@!@!@STARTMSG 2221:0 @!@!@
  line 240, col 40 to line 240, col 56 of module assignment1: 172
@!@!@ENDMSG 2221 @!@!@
@!@!@STARTMSG 2221:0 @!@!@
  |line 240, col 40 to line 240, col 47 of module assignment1: 169
@!@!@ENDMSG 2221 @!@!@
@!@!@STARTMSG 2221:0 @!@!@
  line 240, col 31 to line 240, col 37 of module assignment1: 155
@!@!@ENDMSG 2221 @!@!@
@!@!@STARTMSG 2221:0 @!@!@
  line 241, col 19 to line 241, col 32 of module assignment1: 1
@!@!@ENDMSG 2221 @!@!@
@!@!@STARTMSG 2202:0 @!@!@
End of statistics.
@!@!@ENDMSG 2202 @!@!@
@!@!@STARTMSG 2200:0 @!@!@
Progress(46) at 2022-04-06 14:44:04: 270 states generated (9.896 s/min), 148 distinct states found (5.424 ds/min), 0 states left on queue.
@!@!@ENDMSG 2200 @!@!@
@!@!@STARTMSG 2199:0 @!@!@
270 states generated, 148 distinct states found, 0 states left on queue.
@!@!@ENDMSG 2199 @!@!@
@!@!@STARTMSG 2186:0 @!@!@
Finished in 1653ms at (2022-04-06 14:44:04)
@!@!@ENDMSG 2186 @!@!@
